<?xml version="1.0" encoding="UTF-8"?>
<testng-results skipped="0" failed="0" ignored="0" total="2" passed="2">
  <reporter-output>
  </reporter-output>
  <suite name="HomePageTest" duration-ms="10818" started-at="2019-07-09T20:33:12Z" finished-at="2019-07-09T20:33:23Z">
    <groups>
    </groups>
    <test name="Command line test" duration-ms="10818" started-at="2019-07-09T20:33:12Z" finished-at="2019-07-09T20:33:23Z">
      <class name="HomePageTest">
        <test-method status="PASS" signature="setup()[pri:0, instance:HomePageTest@1a407d53]" name="setup" is-config="true" duration-ms="7643" started-at="2019-07-10T02:03:12Z" finished-at="2019-07-10T02:03:20Z">
          <reporter-output>
          </reporter-output>
        </test-method> <!-- setup -->
        <test-method status="PASS" signature="login()[pri:0, instance:HomePageTest@1a407d53]" name="login" duration-ms="2363" started-at="2019-07-10T02:03:20Z" finished-at="2019-07-10T02:03:22Z">
          <reporter-output>
          </reporter-output>
        </test-method> <!-- login -->
        <test-method status="PASS" signature="title()[pri:0, instance:HomePageTest@1a407d53]" name="title" duration-ms="0" started-at="2019-07-10T02:03:22Z" finished-at="2019-07-10T02:03:22Z">
          <reporter-output>
          </reporter-output>
        </test-method> <!-- title -->
        <test-method status="PASS" signature="teardown()[pri:0, instance:HomePageTest@1a407d53]" name="teardown" is-config="true" duration-ms="129" started-at="2019-07-10T02:03:23Z" finished-at="2019-07-10T02:03:23Z">
          <reporter-output>
          </reporter-output>
        </test-method> <!-- teardown -->
      </class> <!-- HomePageTest -->
    </test> <!-- Command line test -->
  </suite> <!-- HomePageTest -->
</testng-results>
